[7308:1676:0213/235916.583:WARNING:chrome_main_delegate.cc(745)] This is Chrome version 128.0.6613.138 (not a warning)
[7308:1676:0213/235916.747:WARNING:account_consistency_mode_manager.cc(77)] Desktop Identity Consistency cannot be enabled as no OAuth client ID and client secret have been configured.
[7308:1676:0213/235921.183:WARNING:external_registry_loader_win.cc(232)] Error observing HKLM: 5
[12128:8512:0213/235922.448:WARNING:frame_impl.cc(430)] virtual CefFrameImpl::SendProcessMessage sent to detached frame 5-D62A422269CB0C3B774FE56214647902 will be ignored
[7308:440:0213/235922.883:WARNING:browser_info.cc(345)] Returning a speculative frame for [7,9]
[7308:1676:0213/235922.997:WARNING:browser_info.cc(345)] Returning a speculative frame for [9,5]
[7308:1676:0213/235922.997:WARNING:browser_info.cc(345)] Returning a speculative frame for [9,5]
[7308:1676:0213/235922.997:WARNING:browser_info.cc(345)] Returning a speculative frame for [9,5]
[7308:1676:0213/235922.998:WARNING:browser_info.cc(345)] Returning a speculative frame for [9,5]
[7308:440:0213/235923.082:WARNING:browser_info.cc(345)] Returning a speculative frame for [9,5]
[15160:14428:0213/235948.876:ERROR:ssl_client_socket_impl.cc(882)] handshake failed; returned -1, SSL error code 1, net_error -101
[15160:14428:0214/000007.905:ERROR:ssl_client_socket_impl.cc(882)] handshake failed; returned -1, SSL error code 1, net_error -101
[13532:13052:0214/000130.021:WARNING:frame_impl.cc(430)] virtual CefFrameImpl::SendProcessMessage sent to detached frame 6-558356898A14532F797D0CDCCDC4AF4B will be ignored
[6824:1192:0214/000130.088:ERROR:shared_image_manager.cc(224)] SharedImageManager::ProduceSkia: Trying to Produce a Skia representation from a non-existent mailbox.
[6824:1192:0214/000130.088:ERROR:shared_image_manager.cc(224)] SharedImageManager::ProduceSkia: Trying to Produce a Skia representation from a non-existent mailbox.
[15160:14428:0214/000244.855:ERROR:ssl_client_socket_impl.cc(882)] handshake failed; returned -1, SSL error code 1, net_error -101
[15160:14428:0214/000303.881:ERROR:ssl_client_socket_impl.cc(882)] handshake failed; returned -1, SSL error code 1, net_error -101
[15160:14428:0214/000543.054:ERROR:ssl_client_socket_impl.cc(882)] handshake failed; returned -1, SSL error code 1, net_error -101
[15160:14428:0214/000602.073:ERROR:ssl_client_socket_impl.cc(882)] handshake failed; returned -1, SSL error code 1, net_error -101
[15160:14428:0214/000825.959:ERROR:ssl_client_socket_impl.cc(882)] handshake failed; returned -1, SSL error code 1, net_error -101
[15160:14428:0214/000844.971:ERROR:ssl_client_socket_impl.cc(882)] handshake failed; returned -1, SSL error code 1, net_error -101
[15160:14428:0214/001103.429:ERROR:ssl_client_socket_impl.cc(882)] handshake failed; returned -1, SSL error code 1, net_error -101
[15160:14428:0214/001122.448:ERROR:ssl_client_socket_impl.cc(882)] handshake failed; returned -1, SSL error code 1, net_error -101
[15160:14428:0214/001350.073:ERROR:ssl_client_socket_impl.cc(882)] handshake failed; returned -1, SSL error code 1, net_error -101
[15160:14428:0214/001409.087:ERROR:ssl_client_socket_impl.cc(882)] handshake failed; returned -1, SSL error code 1, net_error -101
[15160:14428:0214/001638.847:ERROR:ssl_client_socket_impl.cc(882)] handshake failed; returned -1, SSL error code 1, net_error -101
[15160:14428:0214/001657.867:ERROR:ssl_client_socket_impl.cc(882)] handshake failed; returned -1, SSL error code 1, net_error -101
[15160:14428:0214/001917.514:ERROR:ssl_client_socket_impl.cc(882)] handshake failed; returned -1, SSL error code 1, net_error -101
[15160:14428:0214/001936.554:ERROR:ssl_client_socket_impl.cc(882)] handshake failed; returned -1, SSL error code 1, net_error -101
[15160:14428:0214/002202.277:ERROR:ssl_client_socket_impl.cc(882)] handshake failed; returned -1, SSL error code 1, net_error -101
[15160:14428:0214/002221.293:ERROR:ssl_client_socket_impl.cc(882)] handshake failed; returned -1, SSL error code 1, net_error -101
[15160:14428:0214/002450.677:ERROR:ssl_client_socket_impl.cc(882)] handshake failed; returned -1, SSL error code 1, net_error -101
[15160:14428:0214/002509.710:ERROR:ssl_client_socket_impl.cc(882)] handshake failed; returned -1, SSL error code 1, net_error -101
[15160:14428:0214/002744.529:ERROR:ssl_client_socket_impl.cc(882)] handshake failed; returned -1, SSL error code 1, net_error -101
[15160:14428:0214/002803.550:ERROR:ssl_client_socket_impl.cc(882)] handshake failed; returned -1, SSL error code 1, net_error -101
[15160:14428:0214/003030.877:ERROR:ssl_client_socket_impl.cc(882)] handshake failed; returned -1, SSL error code 1, net_error -101
[15160:14428:0214/003049.902:ERROR:ssl_client_socket_impl.cc(882)] handshake failed; returned -1, SSL error code 1, net_error -101
[15160:14428:0214/003313.462:ERROR:ssl_client_socket_impl.cc(882)] handshake failed; returned -1, SSL error code 1, net_error -101
[15160:14428:0214/003332.479:ERROR:ssl_client_socket_impl.cc(882)] handshake failed; returned -1, SSL error code 1, net_error -101
[15160:14428:0214/003551.236:ERROR:ssl_client_socket_impl.cc(882)] handshake failed; returned -1, SSL error code 1, net_error -101
[15160:14428:0214/003610.255:ERROR:ssl_client_socket_impl.cc(882)] handshake failed; returned -1, SSL error code 1, net_error -101
[15160:14428:0214/003828.452:ERROR:ssl_client_socket_impl.cc(882)] handshake failed; returned -1, SSL error code 1, net_error -101
[15160:14428:0214/003847.468:ERROR:ssl_client_socket_impl.cc(882)] handshake failed; returned -1, SSL error code 1, net_error -101
[7308:1676:0214/004017.509:WARNING:pref_notifier_impl.cc(41)] Pref observer for media_router.cast_allow_all_ips found at shutdown.
