[13152:16244:0505/190201.700:WARNING:chrome_main_delegate.cc(745)] This is Chrome version 128.0.6613.138 (not a warning)
[13152:16244:0505/190201.847:WARNING:account_consistency_mode_manager.cc(77)] Desktop Identity Consistency cannot be enabled as no OAuth client ID and client secret have been configured.
[12796:16088:0505/190216.238:WARNING:backend_impl.cc(1764)] Destroying invalid entry.
[12796:16088:0505/190216.318:ERROR:backend_impl.cc(989)] Critical error found -8
[12796:16088:0505/190216.717:WARNING:storage_block-inl.h(138)] Failed data load.
[12796:16088:0505/190216.718:WARNING:storage_block-inl.h(138)] Failed data load.
[12796:16088:0505/190216.718:ERROR:entry_impl.cc(955)] Failed to save user data
[16800:4084:0505/190217.133:WARNING:frame_impl.cc(430)] virtual CefFrameImpl::SendProcessMessage sent to detached frame 5-5E6BF0ADD86BEFD854534710B71E131B will be ignored
[12796:16568:0505/190225.829:ERROR:ssl_client_socket_impl.cc(882)] handshake failed; returned -1, SSL error code 1, net_error -101
[12796:16568:0505/190225.861:ERROR:ssl_client_socket_impl.cc(882)] handshake failed; returned -1, SSL error code 1, net_error -101
[12796:16568:0505/190226.190:ERROR:ssl_client_socket_impl.cc(882)] handshake failed; returned -1, SSL error code 1, net_error -101
[12796:16568:0505/190226.660:ERROR:ssl_client_socket_impl.cc(882)] handshake failed; returned -1, SSL error code 1, net_error -101
[12796:16568:0505/190226.740:ERROR:ssl_client_socket_impl.cc(882)] handshake failed; returned -1, SSL error code 1, net_error -101
[12796:16568:0505/190226.803:ERROR:ssl_client_socket_impl.cc(882)] handshake failed; returned -1, SSL error code 1, net_error -101
[12796:16568:0505/190227.873:ERROR:ssl_client_socket_impl.cc(882)] handshake failed; returned -1, SSL error code 1, net_error -101
[12796:16568:0505/190228.029:ERROR:ssl_client_socket_impl.cc(882)] handshake failed; returned -1, SSL error code 1, net_error -101
[12796:16568:0505/190228.217:ERROR:ssl_client_socket_impl.cc(882)] handshake failed; returned -1, SSL error code 1, net_error -101
[12796:16568:0505/190230.043:ERROR:ssl_client_socket_impl.cc(882)] handshake failed; returned -1, SSL error code 1, net_error -101
[12796:16568:0505/190230.045:ERROR:ssl_client_socket_impl.cc(882)] handshake failed; returned -1, SSL error code 1, net_error -101
[12796:16568:0505/190230.045:ERROR:ssl_client_socket_impl.cc(882)] handshake failed; returned -1, SSL error code 1, net_error -101
[12796:16568:0505/190233.160:ERROR:ssl_client_socket_impl.cc(882)] handshake failed; returned -1, SSL error code 1, net_error -101
[12796:16568:0505/190233.271:ERROR:ssl_client_socket_impl.cc(882)] handshake failed; returned -1, SSL error code 1, net_error -101
[12796:16568:0505/190233.364:ERROR:ssl_client_socket_impl.cc(882)] handshake failed; returned -1, SSL error code 1, net_error -101
[12796:16568:0505/190236.388:ERROR:ssl_client_socket_impl.cc(882)] handshake failed; returned -1, SSL error code 1, net_error -101
[12796:16568:0505/190237.778:ERROR:ssl_client_socket_impl.cc(882)] handshake failed; returned -1, SSL error code 1, net_error -101
[12796:16568:0505/190237.873:ERROR:ssl_client_socket_impl.cc(882)] handshake failed; returned -1, SSL error code 1, net_error -101
[12796:16568:0505/190237.955:ERROR:ssl_client_socket_impl.cc(882)] handshake failed; returned -1, SSL error code 1, net_error -101
[12796:16568:0505/190244.830:ERROR:ssl_client_socket_impl.cc(882)] handshake failed; returned -1, SSL error code 1, net_error -101
[12796:16568:0505/190244.861:ERROR:ssl_client_socket_impl.cc(882)] handshake failed; returned -1, SSL error code 1, net_error -101
[12796:16568:0505/190245.172:ERROR:ssl_client_socket_impl.cc(882)] handshake failed; returned -1, SSL error code 1, net_error -101
[12796:16568:0505/190245.658:ERROR:ssl_client_socket_impl.cc(882)] handshake failed; returned -1, SSL error code 1, net_error -101
[12796:16568:0505/190245.751:ERROR:ssl_client_socket_impl.cc(882)] handshake failed; returned -1, SSL error code 1, net_error -101
[12796:16568:0505/190245.801:ERROR:ssl_client_socket_impl.cc(882)] handshake failed; returned -1, SSL error code 1, net_error -101
[12796:16568:0505/190246.892:ERROR:ssl_client_socket_impl.cc(882)] handshake failed; returned -1, SSL error code 1, net_error -101
[12796:16568:0505/190247.031:ERROR:ssl_client_socket_impl.cc(882)] handshake failed; returned -1, SSL error code 1, net_error -101
[12796:16568:0505/190247.217:ERROR:ssl_client_socket_impl.cc(882)] handshake failed; returned -1, SSL error code 1, net_error -101
[12796:16568:0505/190249.057:ERROR:ssl_client_socket_impl.cc(882)] handshake failed; returned -1, SSL error code 1, net_error -101
[12796:16568:0505/190249.057:ERROR:ssl_client_socket_impl.cc(882)] handshake failed; returned -1, SSL error code 1, net_error -101
[12796:16568:0505/190249.057:ERROR:ssl_client_socket_impl.cc(882)] handshake failed; returned -1, SSL error code 1, net_error -101
[12796:16568:0505/190252.121:ERROR:ssl_client_socket_impl.cc(882)] handshake failed; returned -1, SSL error code 1, net_error -101
[12796:16568:0505/190252.292:ERROR:ssl_client_socket_impl.cc(882)] handshake failed; returned -1, SSL error code 1, net_error -101
[12796:16568:0505/190252.370:ERROR:ssl_client_socket_impl.cc(882)] handshake failed; returned -1, SSL error code 1, net_error -101
[12796:16568:0505/190255.414:ERROR:ssl_client_socket_impl.cc(882)] handshake failed; returned -1, SSL error code 1, net_error -101
[12796:16568:0505/190256.759:ERROR:ssl_client_socket_impl.cc(882)] handshake failed; returned -1, SSL error code 1, net_error -101
[12796:16568:0505/190256.870:ERROR:ssl_client_socket_impl.cc(882)] handshake failed; returned -1, SSL error code 1, net_error -101
[12796:16568:0505/190256.904:ERROR:ssl_client_socket_impl.cc(882)] handshake failed; returned -1, SSL error code 1, net_error -101
[12796:16568:0505/190303.837:ERROR:ssl_client_socket_impl.cc(882)] handshake failed; returned -1, SSL error code 1, net_error -101
[12796:16568:0505/190303.852:ERROR:ssl_client_socket_impl.cc(882)] handshake failed; returned -1, SSL error code 1, net_error -101
[12796:16568:0505/190304.163:ERROR:ssl_client_socket_impl.cc(882)] handshake failed; returned -1, SSL error code 1, net_error -101
[12796:16568:0505/190304.655:ERROR:ssl_client_socket_impl.cc(882)] handshake failed; returned -1, SSL error code 1, net_error -101
[12796:16568:0505/190304.758:ERROR:ssl_client_socket_impl.cc(882)] handshake failed; returned -1, SSL error code 1, net_error -101
[12796:16568:0505/190304.805:ERROR:ssl_client_socket_impl.cc(882)] handshake failed; returned -1, SSL error code 1, net_error -101
[12796:16568:0505/190309.667:ERROR:ssl_client_socket_impl.cc(882)] handshake failed; returned -1, SSL error code 1, net_error -101
[12796:16568:0505/190310.246:ERROR:ssl_client_socket_impl.cc(882)] handshake failed; returned -1, SSL error code 1, net_error -101
[12796:16568:0505/190311.281:ERROR:ssl_client_socket_impl.cc(882)] handshake failed; returned -1, SSL error code 1, net_error -101
[12796:16568:0505/190322.792:ERROR:ssl_client_socket_impl.cc(882)] handshake failed; returned -1, SSL error code 1, net_error -101
[12796:16568:0505/190322.823:ERROR:ssl_client_socket_impl.cc(882)] handshake failed; returned -1, SSL error code 1, net_error -101
[12796:16568:0505/190323.153:ERROR:ssl_client_socket_impl.cc(882)] handshake failed; returned -1, SSL error code 1, net_error -101
[12796:16568:0505/190323.608:ERROR:ssl_client_socket_impl.cc(882)] handshake failed; returned -1, SSL error code 1, net_error -101
[12796:16568:0505/190323.752:ERROR:ssl_client_socket_impl.cc(882)] handshake failed; returned -1, SSL error code 1, net_error -101
[12796:16568:0505/190323.815:ERROR:ssl_client_socket_impl.cc(882)] handshake failed; returned -1, SSL error code 1, net_error -101
[12796:16568:0505/190328.689:ERROR:ssl_client_socket_impl.cc(882)] handshake failed; returned -1, SSL error code 1, net_error -101
[12796:16568:0505/190329.287:ERROR:ssl_client_socket_impl.cc(882)] handshake failed; returned -1, SSL error code 1, net_error -101
[12796:16568:0505/190330.290:ERROR:ssl_client_socket_impl.cc(882)] handshake failed; returned -1, SSL error code 1, net_error -101
[12796:16568:0505/190331.714:ERROR:ssl_client_socket_impl.cc(882)] handshake failed; returned -1, SSL error code 1, net_error -101
[12796:16568:0505/190333.015:ERROR:ssl_client_socket_impl.cc(882)] handshake failed; returned -1, SSL error code 1, net_error -101
[12796:16568:0505/190336.384:ERROR:ssl_client_socket_impl.cc(882)] handshake failed; returned -1, SSL error code 1, net_error -101
[12796:16568:0505/190350.702:ERROR:ssl_client_socket_impl.cc(882)] handshake failed; returned -1, SSL error code 1, net_error -101
[12796:16568:0505/190351.982:ERROR:ssl_client_socket_impl.cc(882)] handshake failed; returned -1, SSL error code 1, net_error -101
[12796:16568:0505/190355.392:ERROR:ssl_client_socket_impl.cc(882)] handshake failed; returned -1, SSL error code 1, net_error -101
[12796:16568:0505/190404.538:ERROR:ssl_client_socket_impl.cc(882)] handshake failed; returned -1, SSL error code 1, net_error -101
[12796:16568:0505/190409.361:ERROR:ssl_client_socket_impl.cc(882)] handshake failed; returned -1, SSL error code 1, net_error -101
[12796:16568:0505/190413.900:ERROR:ssl_client_socket_impl.cc(882)] handshake failed; returned -1, SSL error code 1, net_error -101
[12796:16568:0505/190423.561:ERROR:ssl_client_socket_impl.cc(882)] handshake failed; returned -1, SSL error code 1, net_error -101
[12796:16568:0505/190428.360:ERROR:ssl_client_socket_impl.cc(882)] handshake failed; returned -1, SSL error code 1, net_error -101
[12796:16568:0505/190432.852:ERROR:ssl_client_socket_impl.cc(882)] handshake failed; returned -1, SSL error code 1, net_error -101
[12796:16568:0505/190457.378:ERROR:ssl_client_socket_impl.cc(882)] handshake failed; returned -1, SSL error code 1, net_error -101
[12796:16568:0505/190500.255:ERROR:ssl_client_socket_impl.cc(882)] handshake failed; returned -1, SSL error code 1, net_error -101
[12796:16568:0505/190504.296:ERROR:ssl_client_socket_impl.cc(882)] handshake failed; returned -1, SSL error code 1, net_error -101
[12796:16568:0505/190516.370:ERROR:ssl_client_socket_impl.cc(882)] handshake failed; returned -1, SSL error code 1, net_error -101
[12796:16568:0505/190519.249:ERROR:ssl_client_socket_impl.cc(882)] handshake failed; returned -1, SSL error code 1, net_error -101
[12796:16568:0505/190523.287:ERROR:ssl_client_socket_impl.cc(882)] handshake failed; returned -1, SSL error code 1, net_error -101
[13152:16244:0505/190556.662:WARNING:page_discarding_helper.cc(138)] Discarding multiple pages with target (kb): 0
[13152:16244:0505/190606.665:WARNING:page_discarding_helper.cc(138)] Discarding multiple pages with target (kb): 0
[12796:16568:0505/190610.170:ERROR:ssl_client_socket_impl.cc(882)] handshake failed; returned -1, SSL error code 1, net_error -101
[13152:16244:0505/190611.666:WARNING:page_discarding_helper.cc(138)] Discarding multiple pages with target (kb): 0
[13152:16244:0505/190616.672:WARNING:page_discarding_helper.cc(138)] Discarding multiple pages with target (kb): 0
[13152:16244:0505/190621.676:WARNING:page_discarding_helper.cc(138)] Discarding multiple pages with target (kb): 0
[12796:16568:0505/190624.274:ERROR:ssl_client_socket_impl.cc(882)] handshake failed; returned -1, SSL error code 1, net_error -101
[12796:16568:0505/190625.921:ERROR:ssl_client_socket_impl.cc(882)] handshake failed; returned -1, SSL error code 1, net_error -101
[12796:16568:0505/190629.157:ERROR:ssl_client_socket_impl.cc(882)] handshake failed; returned -1, SSL error code 1, net_error -101
[12796:16568:0505/190643.308:ERROR:ssl_client_socket_impl.cc(882)] handshake failed; returned -1, SSL error code 1, net_error -101
[12796:16568:0505/190644.915:ERROR:ssl_client_socket_impl.cc(882)] handshake failed; returned -1, SSL error code 1, net_error -101
[12796:16568:0505/190756.733:ERROR:ssl_client_socket_impl.cc(882)] handshake failed; returned -1, SSL error code 1, net_error -101
[12796:16568:0505/190811.624:ERROR:ssl_client_socket_impl.cc(882)] handshake failed; returned -1, SSL error code 1, net_error -101
[12796:16568:0505/190815.734:ERROR:ssl_client_socket_impl.cc(882)] handshake failed; returned -1, SSL error code 1, net_error -101
[12796:16568:0505/190829.742:ERROR:ssl_client_socket_impl.cc(882)] handshake failed; returned -1, SSL error code 1, net_error -101
[12796:16568:0505/190830.621:ERROR:ssl_client_socket_impl.cc(882)] handshake failed; returned -1, SSL error code 1, net_error -101
[12796:16568:0505/190848.759:ERROR:ssl_client_socket_impl.cc(882)] handshake failed; returned -1, SSL error code 1, net_error -101
[12796:16568:0505/191058.402:ERROR:ssl_client_socket_impl.cc(882)] handshake failed; returned -1, SSL error code 1, net_error -101
[12796:16568:0505/191117.393:ERROR:ssl_client_socket_impl.cc(882)] handshake failed; returned -1, SSL error code 1, net_error -101
[12796:16568:0505/191123.923:ERROR:ssl_client_socket_impl.cc(882)] handshake failed; returned -1, SSL error code 1, net_error -101
[12796:16568:0505/191141.746:ERROR:ssl_client_socket_impl.cc(882)] handshake failed; returned -1, SSL error code 1, net_error -101
[12796:16568:0505/191142.921:ERROR:ssl_client_socket_impl.cc(882)] handshake failed; returned -1, SSL error code 1, net_error -101
[12796:16568:0505/191200.742:ERROR:ssl_client_socket_impl.cc(882)] handshake failed; returned -1, SSL error code 1, net_error -101
[12796:16568:0505/191518.685:ERROR:ssl_client_socket_impl.cc(882)] handshake failed; returned -1, SSL error code 1, net_error -101
[12796:16568:0505/191536.913:ERROR:ssl_client_socket_impl.cc(882)] handshake failed; returned -1, SSL error code 1, net_error -101
[12796:16568:0505/191537.638:ERROR:ssl_client_socket_impl.cc(882)] handshake failed; returned -1, SSL error code 1, net_error -101
[12796:16568:0505/191555.905:ERROR:ssl_client_socket_impl.cc(882)] handshake failed; returned -1, SSL error code 1, net_error -101
[12796:16568:0505/191612.960:ERROR:ssl_client_socket_impl.cc(882)] handshake failed; returned -1, SSL error code 1, net_error -101
[12796:16568:0505/191631.969:ERROR:ssl_client_socket_impl.cc(882)] handshake failed; returned -1, SSL error code 1, net_error -101
[12796:16568:0505/192127.047:ERROR:ssl_client_socket_impl.cc(882)] handshake failed; returned -1, SSL error code 1, net_error -101
[12796:16568:0505/192128.385:ERROR:ssl_client_socket_impl.cc(882)] handshake failed; returned -1, SSL error code 1, net_error -101
[12796:16568:0505/192146.063:ERROR:ssl_client_socket_impl.cc(882)] handshake failed; returned -1, SSL error code 1, net_error -101
[12796:16568:0505/192147.369:ERROR:ssl_client_socket_impl.cc(882)] handshake failed; returned -1, SSL error code 1, net_error -101
[12796:16568:0505/192240.510:ERROR:ssl_client_socket_impl.cc(882)] handshake failed; returned -1, SSL error code 1, net_error -101
[12796:16568:0505/192259.494:ERROR:ssl_client_socket_impl.cc(882)] handshake failed; returned -1, SSL error code 1, net_error -101
[13152:16244:0505/192920.844:WARNING:pref_notifier_impl.cc(41)] Pref observer for media_router.cast_allow_all_ips found at shutdown.
